<?xml version="1.0" encoding="UTF-8"?>
<testng-results ignored="0" total="1" passed="1" failed="0" skipped="0">
  <reporter-output>
  </reporter-output>
  <suite started-at="2020-08-27T21:52:39 EDT" name="Default suite" finished-at="2020-08-27T21:52:42 EDT" duration-ms="2476">
    <groups>
    </groups>
    <test started-at="2020-08-27T21:52:39 EDT" name="Default test" finished-at="2020-08-27T21:52:42 EDT" duration-ms="2476">
      <class name="com.project.automation.deleteUser">
        <test-method signature="deleteUser()[pri:0, instance:com.project.automation.deleteUser@3c72f59f]" started-at="2020-08-27T21:52:39 EDT" name="deleteUser" finished-at="2020-08-27T21:52:42 EDT" duration-ms="2429" status="PASS">
          <reporter-output>
          </reporter-output>
        </test-method> <!-- deleteUser -->
      </class> <!-- com.project.automation.deleteUser -->
    </test> <!-- Default test -->
  </suite> <!-- Default suite -->
</testng-results>
